<?xml version="1.0" encoding="UTF-8"?>
<!-- Generated by org.testng.reporters.JUnitReportReporter -->
<testsuite hostname="LAPTOP-4RBB3DGA" failures="0" tests="3" name="com.qa.para.tests.ContactsPageTest" time="1.286" errors="0" timestamp="18 Jul. 2021 02:42:24 GMT" skipped="0">
  <testcase classname="com.qa.para.tests.ContactsPageTest" name="verifyContactsPageTitleTest" time="0.018"/>
  <testcase classname="com.qa.para.tests.ContactsPageTest" name="billpayment" time="1.195"/>
  <testcase classname="com.qa.para.tests.ContactsPageTest" name="verifyConfirmation" time="0.073"/>
</testsuite> <!-- com.qa.para.tests.ContactsPageTest -->
