<?xml version="1.0" encoding="UTF-8"?>
<!-- Generated by org.testng.reporters.JUnitReportReporter -->
<testsuite hostname="LAPTOP-4RBB3DGA" failures="0" tests="3" name="com.qa.para.tests.LoginPageTest" time="1.766" errors="0" timestamp="24 Jul 2021 15:30:41 GMT" skipped="0">
  <testcase classname="com.qa.para.tests.LoginPageTest" name="verifyForgotPWDLinkTest" time="0.117"/>
  <testcase classname="com.qa.para.tests.LoginPageTest" name="verifyLoginpageTitleTest" time="0.020"/>
  <testcase classname="com.qa.para.tests.LoginPageTest" name="loginTest" time="1.629"/>
</testsuite> <!-- com.qa.para.tests.LoginPageTest -->
