<?xml version="1.0" encoding="UTF-8"?>
<!-- Generated by org.testng.reporters.JUnitReportReporter -->
<testsuite hostname="LAPTOP-4RBB3DGA" failures="0" tests="3" name="com.qa.para.tests.LoginPageTest" time="2.855" errors="0" timestamp="27 Jul 2021 23:13:11 GMT" skipped="0">
  <testcase classname="com.qa.para.tests.LoginPageTest" name="verifyForgotPWDLinkTest" time="0.282"/>
  <testcase classname="com.qa.para.tests.LoginPageTest" name="verifyLoginpageTitleTest" time="0.133"/>
  <testcase classname="com.qa.para.tests.LoginPageTest" name="loginTest" time="2.440"/>
</testsuite> <!-- com.qa.para.tests.LoginPageTest -->
