<?xml version="1.0" encoding="UTF-8"?>
<!-- Generated by org.testng.reporters.JUnitReportReporter -->
<testsuite hostname="LAPTOP-4RBB3DGA" failures="0" tests="3" name="com.qa.para.tests.HomePageTest" time="0.105" errors="0" timestamp="27 Jul 2021 23:13:11 GMT" skipped="1">
  <testcase classname="com.qa.para.tests.HomePageTest" name="verifyHomepageTitleTest" time="0.020"/>
  <testcase classname="com.qa.para.tests.HomePageTest" name="verifyrequestloanlink" time="0.085"/>
  <testcase classname="com.qa.para.tests.HomePageTest" name="verifyAccountNumber">
    <skipped/>
  </testcase> <!-- verifyAccountNumber -->
</testsuite> <!-- com.qa.para.tests.HomePageTest -->
