<?xml version="1.0" encoding="UTF-8"?>
<!-- Generated by org.testng.reporters.JUnitReportReporter -->
<testsuite hostname="LAPTOP-4RBB3DGA" failures="0" tests="3" name="com.qa.para.tests.LoginPageTest" time="1.673" errors="0" timestamp="22 Jul. 2021 03:45:07 GMT" skipped="0">
  <testcase classname="com.qa.para.tests.LoginPageTest" name="verifyForgotPWDLinkTest" time="0.117"/>
  <testcase classname="com.qa.para.tests.LoginPageTest" name="verifyLoginpageTitleTest" time="0.028"/>
  <testcase classname="com.qa.para.tests.LoginPageTest" name="loginTest" time="1.528"/>
</testsuite> <!-- com.qa.para.tests.LoginPageTest -->
