<?xml version="1.0" encoding="UTF-8"?>
<!-- Generated by org.testng.reporters.JUnitReportReporter -->
<testsuite hostname="LAPTOP-4RBB3DGA" failures="0" tests="3" name="com.qa.para.tests.HomePageTest" time="0.250" errors="0" timestamp="18 Jul. 2021 02:42:24 GMT" skipped="1">
  <testcase classname="com.qa.para.tests.HomePageTest" name="verifyHomepageTitleTest" time="0.056"/>
  <testcase classname="com.qa.para.tests.HomePageTest" name="verifyrequestloanlink" time="0.194"/>
  <testcase classname="com.qa.para.tests.HomePageTest" name="verifyAccountNumber">
    <skipped/>
  </testcase> <!-- verifyAccountNumber -->
</testsuite> <!-- com.qa.para.tests.HomePageTest -->
