<?xml version="1.0" encoding="UTF-8"?>
<!-- Generated by org.testng.reporters.JUnitReportReporter -->
<testsuite hostname="LAPTOP-4RBB3DGA" failures="0" tests="3" name="com.qa.para.tests.LoginPageTest" time="1.623" errors="0" timestamp="29 Jul. 2021 00:10:20 GMT" skipped="0">
  <testcase classname="com.qa.para.tests.LoginPageTest" name="verifyForgotPWDLinkTest" time="0.302"/>
  <testcase classname="com.qa.para.tests.LoginPageTest" name="verifyLoginpageTitleTest" time="0.067"/>
  <testcase classname="com.qa.para.tests.LoginPageTest" name="loginTest" time="1.254"/>
</testsuite> <!-- com.qa.para.tests.LoginPageTest -->
