<?xml version="1.0" encoding="UTF-8"?>
<!-- Generated by org.testng.reporters.JUnitReportReporter -->
<testsuite hostname="LAPTOP-4RBB3DGA" failures="0" tests="3" name="com.qa.para.tests.LoginPageTest" time="1.456" errors="0" timestamp="18 Jul. 2021 02:42:24 GMT" skipped="0">
  <testcase classname="com.qa.para.tests.LoginPageTest" name="verifyForgotPWDLinkTest" time="0.114"/>
  <testcase classname="com.qa.para.tests.LoginPageTest" name="verifyLoginpageTitleTest" time="0.131"/>
  <testcase classname="com.qa.para.tests.LoginPageTest" name="loginTest" time="1.211"/>
</testsuite> <!-- com.qa.para.tests.LoginPageTest -->
